  stdafx.cpp
  Circle.cpp
C:\Users\ADMIN\Documents\GitHub\SVG\SVGDemo\Circle.cpp(24,49): warning C4244: 'argument': conversion from 'int' to 'Gdiplus::REAL', possible loss of data
  Line.cpp
C:\Users\ADMIN\Documents\GitHub\SVG\SVGDemo\Line.cpp(23,49): warning C4244: 'argument': conversion from 'int' to 'Gdiplus::REAL', possible loss of data
  Point.cpp
  PolyShape.cpp
C:\Users\ADMIN\Documents\GitHub\SVG\SVGDemo\PolyShape.cpp(27,43): warning C4244: '=': conversion from 'int' to 'Gdiplus::REAL', possible loss of data
C:\Users\ADMIN\Documents\GitHub\SVG\SVGDemo\PolyShape.cpp(28,43): warning C4244: '=': conversion from 'int' to 'Gdiplus::REAL', possible loss of data
C:\Users\ADMIN\Documents\GitHub\SVG\SVGDemo\PolyShape.cpp(41,49): warning C4244: 'argument': conversion from 'int' to 'Gdiplus::REAL', possible loss of data
C:\Users\ADMIN\Documents\GitHub\SVG\SVGDemo\PolyShape.cpp(58,43): warning C4244: '=': conversion from 'int' to 'Gdiplus::REAL', possible loss of data
C:\Users\ADMIN\Documents\GitHub\SVG\SVGDemo\PolyShape.cpp(59,43): warning C4244: '=': conversion from 'int' to 'Gdiplus::REAL', possible loss of data
C:\Users\ADMIN\Documents\GitHub\SVG\SVGDemo\PolyShape.cpp(71,56): warning C4244: 'argument': conversion from 'int' to 'Gdiplus::REAL', possible loss of data
  Rec.cpp
C:\Users\ADMIN\Documents\GitHub\SVG\SVGDemo\Rec.cpp(26,49): warning C4244: 'argument': conversion from 'int' to 'Gdiplus::REAL', possible loss of data
  SVG_Reader.cpp
C:\Users\ADMIN\Documents\GitHub\SVG\SVGDemo\SVG_Reader.cpp(56,15): warning C4244: 'return': conversion from 'WPARAM' to 'int', possible loss of data
  Shape.cpp
  Text.cpp
C:\Users\ADMIN\Documents\GitHub\SVG\SVGDemo\Text.cpp(26,35): warning C4244: 'argument': conversion from 'int' to 'Gdiplus::REAL', possible loss of data
C:\Users\ADMIN\Documents\GitHub\SVG\SVGDemo\Text.cpp(27,48): warning C4244: 'argument': conversion from 'int' to 'Gdiplus::REAL', possible loss of data
C:\Users\ADMIN\Documents\GitHub\SVG\SVGDemo\Text.cpp(27,34): warning C4244: 'argument': conversion from 'int' to 'Gdiplus::REAL', possible loss of data
  Generating Code...
  LINK : C:\Users\ADMIN\Documents\GitHub\SVG\x64\Debug\SVGDemo.exe not found or not built by the last incremental link; performing full link
  SVGDemo.vcxproj -> C:\Users\ADMIN\Documents\GitHub\SVG\x64\Debug\SVGDemo.exe
